<?xml version="1.0" encoding="UTF-8"?>
<testsuite xmlns:xsi="http://www.w3.org/2001/XMLSchema-instance" xsi:noNamespaceSchemaLocation="https://maven.apache.org/surefire/maven-surefire-plugin/xsd/surefire-test-report-3.0.xsd" version="3.0" name="TestSuite" time="9.639" tests="2" errors="0" skipped="0" failures="2">
  <properties>
[...]
</properties>
  <testcase name="runTest" classname="MavenFramework.Testers" time="1.141">
    <failure message="Failed to parse the JSON document" type="io.restassured.path.json.exception.JsonPathException">io.restassured.path.json.exception.JsonPathException: Failed to parse the JSON document
	at MavenFramework.Testers.runTest(Testers.java:46)
Caused by: groovy.json.JsonException: Lexing failed on line: 1, column: 18, while reading 'S', no possible valid JSON value or punctuation could be recognized.
	at MavenFramework.Testers.runTest(Testers.java:46)
</failure>
    <system-out><![CDATA[SHEET SET
IN FOR____________________________1
name:vivek , salary:123 
{request=io.restassured.internal.RequestSpecificationImpl@60297f36, testNo=1, method=post, resource=/api/v1/create, response={name=vivek, salary=123}, responseCode=200}
IN FOR____________________________2
id:2 , employee_salary:170750
{request=io.restassured.internal.RequestSpecificationImpl@1bf0f6f6, testNo=2, method=get, resource=/api/v1/employee/2, response={employee_salary=170750, id=2}, responseCode=200}
KEYWORD POST
]]></system-out>
    <system-err><![CDATA[log4j:WARN No appenders could be found for logger (MavenFramework.Keywords).
log4j:WARN Please initialize the log4j system properly.
log4j:WARN See http://logging.apache.org/log4j/1.2/faq.html#noconfig for more info.
]]></system-err>
  </testcase>
  <testcase name="runTest" classname="MavenFramework.Testers" time="0.819">
    <failure message="Failed to parse the JSON document" type="io.restassured.path.json.exception.JsonPathException">io.restassured.path.json.exception.JsonPathException: Failed to parse the JSON document
	at MavenFramework.Testers.runTest(Testers.java:46)
Caused by: groovy.json.JsonException: 
A JSON payload should start with an openning curly brace '{' or an openning square bracket '['.
Instead, 'false' was found on line: 1, column: 1
	at MavenFramework.Testers.runTest(Testers.java:46)
</failure>
    <system-out><![CDATA[KEYWORD GET
]]></system-out>
  </testcase>
</testsuite>